<?xml version="1.0" encoding="UTF-8"?>
<!-- Generated by org.testng.reporters.JUnitReportReporter -->
<testsuite hostname="1-luna-damian" failures="0" tests="2" name="rivadavia.webproductores.tests.TestImpresion" time="41.454" errors="0" timestamp="2025-06-10T14:59:22 ART" skipped="0">
  <testcase classname="rivadavia.webproductores.tests.TestImpresion" name="testCertificadoCooperativa" time="20.809"/>
  <system-out/>
  <testcase classname="rivadavia.webproductores.tests.TestImpresion" name="testCopiaPoliza" time="20.645"/>
  <system-out/>
</testsuite> <!-- rivadavia.webproductores.tests.TestImpresion -->
