<?xml version="1.0" encoding="UTF-8"?>
<!-- Generated by org.testng.reporters.JUnitReportReporter -->
<testsuite hostname="1-luna-damian" failures="0" tests="1" name="rivadavia.webproductores.tests.TestSiniestro" time="12.925" errors="0" timestamp="2025-06-17T09:14:20 ART" skipped="0">
  <testcase classname="rivadavia.webproductores.tests.TestSiniestro" name="completarFormularioDenuncia" time="12.925"/>
  <system-out/>
</testsuite> <!-- rivadavia.webproductores.tests.TestSiniestro -->
