<?xml version="1.0" encoding="UTF-8"?>
<!-- Generated by org.testng.reporters.JUnitReportReporter -->
<testsuite skipped="0" hostname="1-lucero-manuel" name="rivadavia.webproductores.tests.TestImpresion" tests="2" failures="0" timestamp="2025-06-06T11:19:01 ART" time="42.936" errors="0">
  <testcase name="testCopiaPoliza" time="22.504" classname="rivadavia.webproductores.tests.TestImpresion"/>
  <system-out/>
  <testcase name="testCertificadoCooperativa" time="20.432" classname="rivadavia.webproductores.tests.TestImpresion"/>
  <system-out/>
</testsuite> <!-- rivadavia.webproductores.tests.TestImpresion -->
